<?xml version="1.0" encoding="UTF-8"?>
<!-- Generated by org.testng.reporters.JUnitReportReporter -->
<testsuite hostname="Admins-MacBook-Pro.local" failures="0" tests="3" name="TestNGDemoPack.XML_Method1" time="0.012" errors="0" timestamp="2024-06-27T14:13:22 IST" skipped="0">
  <testcase classname="TestNGDemoPack.XML_Method1" name="methodC" time="0.006"/>
  <testcase classname="TestNGDemoPack.XML_Method1" name="methodB" time="0.005"/>
  <testcase classname="TestNGDemoPack.XML_Method1" name="methodA" time="0.001"/>
</testsuite> <!-- TestNGDemoPack.XML_Method1 -->
