<?xml version="1.0" encoding="UTF-8"?>
<!-- Generated by org.testng.reporters.JUnitReportReporter -->
<testsuite hostname="Admins-MacBook-Pro.local" failures="0" tests="3" name="TestNGDemoPack.Login_TestNG" time="57.889" errors="0" timestamp="2024-07-12T18:41:18 IST" skipped="0">
  <testcase classname="TestNGDemoPack.Login_TestNG" name="verifyLoginWithInvalidCredentialsPassword" time="18.246"/>
  <testcase classname="TestNGDemoPack.Login_TestNG" name="verifyLoginWithValidCredentials" time="18.830"/>
  <testcase classname="TestNGDemoPack.Login_TestNG" name="verifyLoginWithInvalidCredentialsEmail" time="20.813"/>
</testsuite> <!-- TestNGDemoPack.Login_TestNG -->
