<?xml version="1.0" encoding="UTF-8"?>
<!-- Generated by org.testng.reporters.JUnitReportReporter -->
<testsuite hostname="Admins-MacBook-Pro.local" failures="0" tests="1" name="PackageTestNG1.ReadDataFromExcel" time="1.142" errors="0" timestamp="2024-07-12T01:12:56 IST" skipped="0">
  <testcase classname="PackageTestNG1.ReadDataFromExcel" name="Exceldata" time="1.142"/>
</testsuite> <!-- PackageTestNG1.ReadDataFromExcel -->
