<?xml version="1.0" encoding="UTF-8"?>
<!-- Generated by org.testng.reporters.JUnitReportReporter -->
<testsuite hostname="Admins-MacBook-Pro.local" failures="0" tests="1" name="PackageTestNG1.TestNG1Test" time="0.023" errors="0" timestamp="2024-08-08T16:10:48 IST" skipped="0">
  <testcase classname="PackageTestNG1.TestNG1Test" name="PrintTest1" time="0.023"/>
</testsuite> <!-- PackageTestNG1.TestNG1Test -->
