<?xml version="1.0" encoding="UTF-8"?>
<!-- Generated by org.testng.reporters.JUnitReportReporter -->
<testsuite hostname="Admins-MacBook-Pro.local" failures="0" tests="2" name="TestNGDemoPack.XML_Method2" time="0.014" errors="0" timestamp="2024-06-27T14:13:22 IST" skipped="0">
  <testcase classname="TestNGDemoPack.XML_Method2" name="methodE" time="0.008"/>
  <testcase classname="TestNGDemoPack.XML_Method2" name="methodD" time="0.006"/>
</testsuite> <!-- TestNGDemoPack.XML_Method2 -->
