<?xml version="1.0" encoding="UTF-8"?>
<!-- Generated by org.testng.reporters.JUnitReportReporter -->
<testsuite hostname="Admins-MacBook-Pro.local" failures="0" tests="2" name="RestAPI.RESTAPI" time="4.009" errors="0" timestamp="2024-06-26T01:57:01 IST" skipped="0">
  <testcase classname="RestAPI.RESTAPI" name="getUser" time="3.578"/>
  <testcase classname="RestAPI.RESTAPI" name="getsingleUser" time="0.431"/>
</testsuite> <!-- RestAPI.RESTAPI -->
