<?xml version="1.0" encoding="UTF-8"?>
<!-- Generated by org.testng.reporters.JUnitReportReporter -->
<testsuite hostname="Admins-MacBook-Pro.local" failures="0" tests="2" name="PackageTestNG1.TestNG1" time="0.024" errors="0" timestamp="2024-06-16T23:46:09 IST" skipped="0">
  <testcase classname="PackageTestNG1.TestNG1" name="PrintTest1" time="0.005"/>
  <testcase classname="PackageTestNG1.TestNG1" name="PrintTest" time="0.019"/>
</testsuite> <!-- PackageTestNG1.TestNG1 -->
