<?xml version="1.0" encoding="UTF-8"?>
<!-- Generated by org.testng.reporters.JUnitReportReporter -->
<testsuite hostname="Admins-MacBook-Pro.local" failures="0" tests="4" name="TestNGDemoPack.XML_Method3" time="0.017" errors="0" timestamp="2024-07-12T18:41:18 IST" skipped="0">
  <testcase classname="TestNGDemoPack.XML_Method3" name="methodH" time="0.010"/>
  <testcase classname="TestNGDemoPack.XML_Method3" name="methodG" time="0.003"/>
  <testcase classname="TestNGDemoPack.XML_Method3" name="methodF" time="0.003"/>
  <testcase classname="TestNGDemoPack.XML_Method3" name="methodI" time="0.001"/>
</testsuite> <!-- TestNGDemoPack.XML_Method3 -->
